         w __deregister_frame_info
         w __register_frame_info
         w _ITM_deregisterTMCloneTable
         w _ITM_registerTMCloneTable
         w _Jv_RegisterClasses
00000000 b .LANCHOR1
00000000 b _TLS_MODULE_BASE_
00000000 a shift
00000000 a shift
00000000 00002000 b tmp_buffer.6528
00001ff8 b .LANCHOR2
00002000 00000401 b __fixedpath
00002404 00000802 b __utf16path
00002c08 00000802 b __utf16path_old.6599
00100000 T __start__
00100000 T _start
00100008 T __service_ptr
0010000c T __apt_appid
00100010 T __heap_size
00100014 T __linear_heap_size
00100018 T __system_arglist
0010001c T __system_runflags
00100020 t startup
00100058 t ClearMem
0010006c t ClrLoop
00100094 T _init
001000ac t deregister_tm_clones
001000dc t register_tm_clones
00100114 t __do_global_dtors_aux
00100158 t frame_dummy
001001b4 T initSystem
001001f8 T __ctru_exit
00100218 t .udivsi3_skip_div0_test
00100218 T __aeabi_uidiv
00100218 000001ec T __udivsi3
00100404 00000020 T __aeabi_uidivmod
00100424 T __aeabi_idiv
00100424 00000220 T __divsi3
0010042c t .divsi3_skip_div0_test
00100644 00000020 T __aeabi_idivmod
00100664 00000004 W __aeabi_idiv0
00100664 00000004 W __aeabi_ldiv0
00100688 00000390 T strcmp
00100a20 00000008 t null_write
00100a28 00000018 T setDefaultDevice
00100a40 000000bc T FindDevice
00100afc 0000002c T RemoveDevice
00100b28 00000098 T AddDevice
00100bc0 00000024 T GetDeviceOpTab
00100be4 0000007c T _close_r
00100c60 0000006c T _fstat_r
00100ccc 0000002c T _gettimeofday_r
00100cf8 00000008 T _isatty_r
00100d00 00000078 T _lseek_r
00100d78 00000078 T _read_r
00100df0 00000070 T _sbrk_r
00100e60 00000078 T _write_r
00100ed8 000001bc T _concatenate_path
00101094 00000154 T chdir
001011e8 000000a0 T getcwd
00101288 00000008 T __flockfile
00101290 00000008 T __funlockfile
00101298 00000018 T __libc_lock_init
001012b0 00000018 T __libc_lock_acquire
001012c8 00000024 T __libc_lock_try_acquire
001012ec 00000018 T __libc_lock_release
00101304 00000018 T __libc_lock_close
0010131c 00000018 T __libc_lock_init_recursive
00101334 00000018 T __libc_lock_acquire_recursive
0010134c 00000024 T __libc_lock_try_acquire_recursive
00101370 00000018 T __libc_lock_release_recursive
00101388 00000018 T __libc_lock_close_recursive
001013a0 00000044 T __free_handle
001013e4 0000003c T __release_handle
00101420 00000078 T __alloc_handle
00101498 0000001c T __get_handle
001014b4 000000a4 T dup
00101558 0000010c T dup2
00101664 00000028 T __getreent
0010168c T __aeabi_uldivmod
001016c8 00000128 T __udivmoddi4
001017f0 00000038 t setBitOfReversedStream
00101828 000000a0 t checkColorValidity
001018c8 0000004c t addColorBits
00101914 00000060 t color_tree_get
00101974 000003a0 t getPixelColorRGBA8
00101d14 00000578 t getPixelColorsRGBA8
0010228c 000001b0 t getPixelColorRGBA16
0010243c 000001ac t Adam7_getpassvalues
001025e8 000003ac t unfilter
00102994 00000090 t removePaddingBits
00102a24 000000b4 t color_tree_add
00102ad8 00000024 t HuffmanTree_cleanup
00102afc 00000060 t LodePNGText_cleanup
00102b5c 00000090 t LodePNGIText_cleanup
00102bec 00000030 t color_tree_cleanup
00102c1c 00000060 t string_set
00102c7c 000000d0 t lodepng_color_mode_equal
00102d4c 0000005c t ucvector_reserve.isra.7
00102d4c 0000005c t uivector_reserve.isra.10
00102da8 00000038 t ucvector_push_back
00102de0 00000058 t uivector_resizev.constprop.22
00102e38 0000034c t HuffmanTree_makeFromLengths2
00103184 0000006c t HuffmanTree_makeFromLengths
001031f0 000000a4 t generateFixedLitLenTree
00103294 00000060 t generateFixedDistanceTree
001032f4 00000b20 t lodepng_inflatev.isra.12
00103e14 000001b4 T lodepng_zlib_decompress
00103fc8 0000002c t zlib_decompress
00103ff4 0000006c T lodepng_chunk_type_equals
00104060 000000a4 T lodepng_chunk_check_crc
00104104 000000b0 T lodepng_chunk_append
001041b4 000000ac T lodepng_color_mode_copy
00104260 00000104 T lodepng_add_text
00104364 000001f4 T lodepng_add_itext
00104558 0000008c T lodepng_info_init
001045e4 00000050 T lodepng_info_cleanup
00104634 000004f8 T lodepng_convert
00104b2c 00000254 T lodepng_inspect
00104d80 0000174c t decodeGeneric
001064cc 0000013c T lodepng_decode
00106608 000000b8 T lodepng_state_init
001066c0 00000030 T lodepng_state_cleanup
001066f0 00000068 T lodepng_decode_memory
00106758 00000028 T lodepng_decode32
00106780 000001e0 T main
00106960 00000040 T RDR_DrawSplashScreen
001069a0 00000098 T RDR_DrawGameBoard
00106a38 00000180 T RDR_DrawSprite
00106bb8 00000234 T RDR_SceneInit
00106dec 000000a8 T RDR_SceneRender
00106e94 00000020 T RDR_SceneExit
00106eb4 0000006c T SAGA_GetBlockColor
00106f20 00000054 T SAGA_DeleteBoard
00106f74 000000b0 T SAGA_CreateBoard
00107024 000000b8 T SAGA_SetupBoard
001070dc 000000a8 T SAGA_GameInit
00107184 00000010 T SAGA_GetRemainingCount
00107194 000000f0 T SAGA_IsGameOver
00107284 000001d4 T SAGA_DeleteNeighborBlocks
00107458 000001c4 T SAGA_CompactBoard
0010761c 00000178 T SAGA_DeleteBlocks
00107794 00000030 T SYS_TouchDelay
001077c4 00000028 T AttrInfo_Init
001077ec 000000a4 T AttrInfo_AddLoader
00107890 00000024 T C3D_GetAttrInfo
001078b4 00000080 T C3Di_AttrInfoBind
00107934 00000068 t C3Di_AptEventHook
0010799c 00000154 T C3D_Init
00107af0 00000098 T C3D_SetViewport
00107b88 00000580 T C3Di_UpdateContext
00108108 000000cc T C3Di_FinalizeFrame
001081d4 00000048 T C3D_Fini
0010821c 000000d4 T C3D_BindProgram
001082f0 00000020 T BufInfo_Init
00108310 00000024 T C3D_GetBufInfo
00108334 00000048 T C3Di_BufInfoBind
0010837c 0000003c T C3D_DepthMap
001083b8 0000001c T C3D_CullFace
001083d4 0000003c T C3D_StencilTest
00108410 00000024 T C3D_StencilOp
00108434 0000001c T C3D_BlendingColor
00108450 00000028 T C3D_DepthTest
00108478 00000028 T C3D_AlphaTest
001084a0 00000050 T C3D_AlphaBlend
001084f0 00000030 T C3D_FragOpMode
00108520 0000011c T C3Di_EffectBind
0010863c 000000b8 T C3D_ImmDrawBegin
001086f4 000000b4 T C3D_ImmSendAttrib
001087a8 00000074 T C3D_ImmDrawEnd
0010881c 000000a4 T C3D_RenderBufInit
001088c0 00000080 T C3D_RenderBufClearAsync
00108940 00000028 T C3D_RenderBufTransferAsync
00108968 00000038 T C3D_RenderBufBind
001089a0 00000168 T C3Di_RenderBufBind
00108b08 00000018 T C3D_RenderBufDelete
00108b20 00000038 t C3Di_RenderQueueInit
00108b58 00000074 t performTransfer
00108bcc 00000044 t transferTarget
00108c10 00000024 t onVBlank1
00108c34 0000003c t performClear
00108c70 00000040 t clearTarget
00108cb0 0000008c t onVBlank0
00108d3c 000000c0 t updateFrameQueue.part.0
00108dfc 000000e0 t onRenderFinish
00108edc 00000018 t onClearDone.part.2
00108edc 00000018 t onTransferFinish.part.1
00108ef4 00000074 t onTransferFinish
00108f68 00000040 t onClearDone
00108fa8 00000064 T C3D_FrameBegin
0010900c 00000078 T C3D_FrameDrawOn
00109084 000000d0 T C3D_FrameEnd
00109154 000000e4 T C3D_RenderTargetCreate
00109238 00000070 T C3D_RenderTargetDelete
001092a8 00000090 t C3Di_RenderQueueExit
00109338 00000050 T C3D_RenderTargetSetClear
00109388 00000058 T C3D_RenderTargetSetOutput
001093e0 00000034 T TexEnv_Init
00109414 00000034 T C3D_GetTexEnv
00109448 00000024 T C3Di_TexEnvBind
0010946c 000000a0 T C3D_TexInit
0010950c 000000a0 T C3D_TexInitVRAM
001095ac 00000024 T C3D_TexSetFilter
001095d0 00000034 T C3D_TexBind
00109604 0000003c T C3D_TexDelete
00109640 000002a8 T C3D_UpdateUniforms
001098e8 000000c0 T C3Di_DirtyUniforms
001099a8 000000d4 T C3Di_LoadShaderUniforms
00109a7c 00000028 T C3Di_ClearShaderUniforms
00109aa4 00000104 T Mtx_OrthoTilt
00109ba8 0000002c T Mtx_Identity
00109bd4 00000070 T Mtx_Multiply
00109c44 00000024 t addrMapNodeComparator(rbtree_node const*, rbtree_node const*)
00109c68 00000004 t addrMapNodeDestructor(rbtree_node*)
00109c6c 00000140 T linearMemAlign
00109dac 00000008 T linearAlloc
00109db4 00000050 T linearFree
00109e04 000000a0 T MemPool::CoalesceRight(MemBlock*)
00109ea4 0000018c T MemPool::Allocate(MemChunk&, unsigned long, int)
0010a030 00000104 T MemPool::Deallocate(MemChunk const&)
0010a134 00000024 t addrMapNodeComparator(rbtree_node const*, rbtree_node const*)
0010a158 00000004 t addrMapNodeDestructor(rbtree_node*)
0010a15c 00000130 T vramMemAlign
0010a28c 00000008 T vramAlloc
0010a294 00000050 T vramFree
0010a2e4 0000008c t gfxSetFramebufferInfo.part.0
0010a370 00000010 T gfxIs3D
0010a380 00000014 T gfxSetDoubleBuffering
0010a394 00000070 T gfxSetFramebufferInfo
0010a404 00000088 T gfxWriteFramebufferInfo
0010a48c 000001d0 T gfxInit
0010a65c 00000010 T gfxInitDefault
0010a66c 000000e0 T gfxExit
0010a74c 000000b0 T gfxGetFramebuffer
0010a7fc 000000cc T gfxFlushBuffers
0010a8c8 00000070 T gfxConfigScreen
0010a938 00000020 T gfxSwapBuffers
0010a958 00000058 t getSysTime
0010a9b0 0000004c T osConvertVirtToPhys
0010a9fc 00000024 T osGetMemRegionUsed
0010aa20 000000f4 T __libctru_gtod
0010ab18 00000034 T __ctru_speedup_config
0010ab4c 0000002c T GPUCMD_SetBuffer
0010ab78 00000040 T GPUCMD_GetBuffer
0010abb8 000000e4 T GPUCMD_Add
0010ac9c 00000098 T GPUCMD_Finalize
0010ad34 00000040 T f32tof24
0010ad74 00000040 T f32tof31
0010adb4 00000054 T GX_ProcessCommandList
0010ae08 00000060 T GX_MemoryFill
0010ae68 00000050 T GX_DisplayTransfer
0010aeb8 00000054 T GX_FlushCacheRegions
0010af0c 00000048 t GPU_SetShaderOutmap
0010af54 000000b8 t GPU_SendShaderCode.constprop.0
0010b00c 00000070 t GPU_SendOperandDescriptors.constprop.1
0010b07c 0000023c T shaderInstanceInit
0010b2b8 00000038 T shaderInstanceFree
0010b2f0 00000018 T shaderInstanceGetUniformLocation
0010b308 00000018 T shaderProgramInit
0010b320 00000030 T shaderProgramFree
0010b350 0000006c T shaderProgramSetVsh
0010b3bc 00000340 T shaderProgramConfigure
0010b6fc 0000003c T DVLB_Free
0010b738 00000080 T DVLE_GetUniformRegister
0010b7b8 00000198 T DVLE_GenerateOutmap
0010b950 00000198 T DVLB_ParseFile
0010bae8 00000068 t __apt_initservicehandle
0010bb50 00000004 W _aptDebug
0010bb54 00000098 T aptInitCaptureInfo
0010bbec 00000028 T aptWaitStatusEvent
0010bc14 00000060 T aptGetMenuAppID
0010bc74 00000034 T aptHook
0010bca8 0000002c T aptUnhook
0010bcd4 0000006c T aptSetStatus
0010bd40 00000048 T APT_GetLockHandle
0010bd88 00000060 T APT_Initialize
0010bde8 00000034 T APT_Finalize
0010be1c 00000048 T APT_InquireNotification
0010be64 0000002c T APT_PrepareToJumpToHomeMenu
0010be90 00000050 T APT_JumpToHomeMenu
0010bee0 00000034 T APT_PrepareToJumpToApplication
0010bf14 00000050 T APT_JumpToApplication
0010bf64 00000034 T APT_NotifyToWait
0010bf98 0000007c T APT_AppletUtility
0010c014 00000188 T aptAppletUtility_Exit_RetToApp
0010c19c 0000003c T aptAppletClosed
0010c1d8 00000114 t aptAppStarted
0010c2ec 00000298 T aptInit
0010c584 0000006c T APT_ReceiveParameter
0010c5f0 00000064 T APT_SendParameter
0010c654 00000044 T APT_SendCaptureBufferInfo
0010c698 00000264 T aptReturnToMenu
0010c8fc 00000038 T APT_ReplySleepQuery
0010c934 00000034 T APT_ReplySleepNotificationComplete
0010c968 000003f4 T aptEventHandler
0010cd5c 00000034 T APT_PrepareToCloseApplication
0010cd90 00000050 T APT_CloseApplication
0010cde0 000002d0 T aptExit
0010d0b0 0000006c T APT_CheckNew3DS_System
0010d11c 0000008c T APT_CheckNew3DS
0010d1a8 00000054 T APT_StartLibraryApplet
0010d1fc 00000174 T aptAppletStarted
0010d370 000001a4 T aptMainLoop
0010d514 00000124 t gspEventThreadMain
0010d638 00000074 T gspInit
0010d6ac 0000003c T gspExit
0010d6e8 00000034 T gspSetEventCallback
0010d71c 000000d0 T gspInitEventHandler
0010d7ec 0000005c T gspExitEventHandler
0010d848 00000058 T gspWaitForEvent
0010d8a0 00000058 T gspWaitForAnyEvent
0010d8f8 00000128 T gspSubmitGxCommand
0010da20 0000006c T GSPGPU_SetBufferSwap
0010da8c 0000004c T GSPGPU_FlushDataCache
0010dad8 00000034 T GSPGPU_SetLcdForceBlack
0010db0c 00000064 T GSPGPU_RegisterInterruptRelayQueue
0010db70 0000002c T GSPGPU_UnregisterInterruptRelayQueue
0010db9c 00000048 T GSPGPU_AcquireRight
0010dbe4 0000002c T GSPGPU_ReleaseRight
0010dc10 00000080 T GSPGPU_ImportDisplayCaptureInfo
0010dc90 0000002c T GSPGPU_SaveVramSysArea
0010dcbc 0000002c T GSPGPU_RestoreVramSysArea
0010dce8 000000d8 T hidExit
0010ddc0 00000238 T hidScanInput
0010dff8 00000010 T hidKeysDown
0010e008 00000018 T hidTouchRead
0010e020 00000090 T HIDUSER_GetHandles
0010e0b0 00000184 T hidInit
0010e234 000000b0 T irrstScanInput
0010e2e4 0000001c T irrstKeysHeld
0010e300 00000050 T IRRST_GetHandles
0010e350 00000148 T irrstInit
0010e498 0000002c T IRRST_Shutdown
0010e4c4 000000b0 T irrstExit
0010e574 00000070 T ptmSysmInit
0010e5e4 00000034 T ptmSysmExit
0010e618 00000034 T PTMSYSM_ConfigureNew3DSCPU
0010e64c 00000070 T rbtree_find
0010e6bc 00000014 T rbtree_init
0010e6d0 000001d4 t do_insert
0010e8a4 00000008 T rbtree_insert
0010e8ac 0000035c T rbtree_remove
0010ec08 000000ac T rbtree_rotate
0010ecb4 00000058 t osGetMemRegionSize
0010ed0c 00000124 W __system_allocateHeaps
0010ee30 000000f4 T __system_initArgv
0010ef24 00000038 W __libctru_init
0010ef5c 00000030 t __ctru_get_reent
0010ef8c 000000e8 T __system_initSyscalls
0010f074 T svcControlMemory
0010f094 T svcExitProcess
0010f09c T svcCreateThread
0010f0bc T svcExitThread
0010f0c4 T svcCreateEvent
0010f0d8 T svcSignalEvent
0010f0e0 T svcClearEvent
0010f0e8 T svcMapMemoryBlock
0010f0f0 T svcUnmapMemoryBlock
0010f0f8 T svcCreateAddressArbiter
0010f10c T svcArbitrateAddress
0010f124 T svcCloseHandle
0010f12c T svcWaitSynchronization
0010f134 T svcWaitSynchronizationN
0010f15c T svcDuplicateHandle
0010f170 T svcGetSystemTick
0010f178 T svcGetSystemInfo
0010f190 T svcConnectToPort
0010f1a4 T svcSendSyncRequest
0010f1ac T svcBreak
0010f1b4 00000024 t addrMapNodeComparator(rbtree_node const*, rbtree_node const*)
0010f1d8 00000004 t addrMapNodeDestructor(rbtree_node*)
0010f1dc 000000f4 T mappableAlloc
0010f2d0 00000050 T mappableFree
0010f320 00000094 T envGetHandle
0010f3b4 0000004c T envDestroyHandles
0010f400 00000050 T srvExit
0010f450 00000038 T srvRegisterClient
0010f488 00000070 T srvInit
0010f4f8 00000068 T srvGetServiceHandleDirect
0010f560 00000038 T srvGetServiceHandle
0010f598 00000034 t LightLock_Unlock.part.1
0010f5cc 0000000c T __sync_init
0010f5d8 00000018 T __sync_fini
0010f5f0 00000018 T LightLock_Init
0010f608 00000094 T LightLock_Lock
0010f69c 00000034 T LightLock_TryLock
0010f6d0 00000020 T LightLock_Unlock
0010f6f0 00000024 T RecursiveLock_Init
0010f714 00000030 T RecursiveLock_Lock
0010f744 00000058 T RecursiveLock_TryLock
0010f79c 00000038 T RecursiveLock_Unlock
0010f7d4 000001c8 T threadCreate
0010f99c 00000024 T threadJoin
0010f9c0 0000006c T threadExit
0010fa2c 0000003c t _thread_begin
0010fa68 0000008c T rbtree_node_next
0010faf4 0000001c W __appExit
0010fb10 0000001c W __appInit
0010fb2c 000000a4 W __libctru_exit
0010fbd0 00000010 t sdmc_link
0010fbe0 00000010 t sdmc_dirreset
0010fbf0 00000010 t sdmc_chmod
0010fc00 00000010 t sdmc_fchmod
0010fc10 00000024 t error_cmp
0010fc34 00000050 t sdmc_translate_error
0010fc84 00000034 t sdmc_fsync
0010fcb8 00000054 t sdmc_ftruncate
0010fd0c 000000ac t sdmc_statvfs
0010fdb8 00000038 t sdmc_dirclose
0010fdf0 000000e0 t sdmc_dirnext
0010fed0 00000034 t sdmc_close
0010ff04 00000074 t sdmc_fstat
0010ff78 000000c0 t sdmc_seek
00110038 0000008c t sdmc_read
001100c4 00000108 t sdmc_write
001101cc 000001b4 t sdmc_utf16path
00110380 00000080 t sdmc_rmdir
00110400 0000009c t sdmc_diropen
0011049c 000000a8 t sdmc_chdir
00110544 00000084 t sdmc_mkdir
001105c8 00000138 t sdmc_rename
00110700 00000080 t sdmc_unlink
00110780 00000120 t sdmc_stat
001108a0 000001ac t sdmc_open
00110a4c 00000134 T sdmcInit
00110b80 00000050 T sdmcExit
00110bd0 000000c8 T fsInit
00110c98 00000034 T fsExit
00110ccc 000000dc T FSUSER_OpenFile
00110da8 000000b8 T FSUSER_DeleteFile
00110e60 000000f4 T FSUSER_RenameFile
00110f54 000000b8 T FSUSER_DeleteDirectory
0011100c 000000d0 T FSUSER_CreateFile
001110dc 000000c0 T FSUSER_CreateDirectory
0011119c 000000f4 T FSUSER_RenameDirectory
00111290 000000c4 T FSUSER_OpenDirectory
00111354 000000bc T FSUSER_OpenArchive
00111410 00000088 T FSUSER_CloseArchive
00111498 0000008c T FSUSER_GetSdmcArchiveResource
00111524 00000064 T FSUSER_IsSdmcWritable
00111588 0000005c T FSFILE_Read
001115e4 00000064 T FSFILE_Write
00111648 0000003c T FSFILE_GetSize
00111684 0000002c T FSFILE_SetSize
001116b0 0000003c T FSFILE_Close
001116ec 00000024 T FSFILE_Flush
00111710 00000054 T FSDIR_Read
00111764 0000003c T FSDIR_Close
001117a0 00000138 T decode_utf8
001118d8 000000e4 T utf16_to_utf8
001119bc 000000bc T utf8_to_utf16
00111a78 T __aeabi_read_tp
00111a84 00000060 T decode_utf16
00111ae4 00000068 T encode_utf16
00111b4c 00000104 T encode_utf8
00111c50 00000078 T bsearch
00111cc8 00000020 T calloc
00111ce8 00000090 T _calloc_r
00111d78 00000120 T _fclose_r
00111e98 00000230 T __sflush_r
001120c8 00000090 T _fflush_r
00112158 0000000c T _cleanup_r
00112164 00000080 t std.isra.0
001121e4 0000008c T __sinit
00112270 0000000c T __sfp_lock_acquire
0011227c 0000000c T __sfp_lock_release
00112288 0000003c T __libc_fini_array
001122c4 000000f8 T _malloc_trim_r
001123bc 000002e4 T _free_r
001126a0 00000080 T _fwalk_reent
00112720 00000078 T __libc_init_array
00112798 00000160 T __smakebuf_r
001128f8 00000020 T memalign
00112918 0000015c T _memalign_r
00112a74 00000018 T malloc
00112a8c 00000018 T free
00112aa4 000007a8 T _malloc_r
0011324c 000000f0 T memcpy
0011333c 000000f4 T memset
00113430 0000000c T __malloc_lock
0011343c 0000000c T __malloc_unlock
00113448 00000038 T printf
00113480 0000001c T srand
0011349c 00000044 T rand
001134e0 00000020 T realloc
00113500 000004c0 T _realloc_r
001139c0 00000030 T __sread
001139f0 00000054 T __swrite
00113a44 0000002c T __sseek
00113a70 00000008 T __sclose
00113a78 0000005c T strlen
00113ad4 000000a4 T strncat
00113b78 000000e0 T strncpy
00113c58 00000040 T time
00113c98 0000161c t get_arg
001152b8 00004878 T _vfprintf_r
00119b30 000000cc t __sbprintf
00119bfc 0000008c T _wcrtomb_r
00119c88 00000020 T _wcsrtombs_r
00119ca8 00000114 T __utf8_wctomb
00119dbc 00000148 T __swsetup_r
00119f04 000001bc t quorem
0011a0c0 000012c8 T _dtoa_r
0011b388 000004a4 T __sfvwrite_r
0011b82c 0000000c T __locale_charset
0011b838 00000010 T __locale_mb_cur_max
0011b848 0000000c T _localeconv_r
0011b854 000002fc T __utf8_mbtowc
0011bb50 00000100 T memchr
0011bc50 00000128 T memmove
0011bd78 0000008c T _Balloc
0011be04 0000001c T _Bfree
0011be20 000000d0 T __multadd
0011bef0 0000005c T __hi0bits
0011bf4c 00000098 T __lo0bits
0011bfe4 00000020 T __i2b
0011c004 000001dc T __multiply
0011c1e0 00000100 T __pow5mult
0011c2e0 000000f0 T __lshift
0011c3d0 00000064 T __mcmp
0011c434 00000198 T __mdiff
0011c5cc 00000104 T __d2b
0011c6d0 00000074 T __fpclassifyd
0011c748 00000094 T frexp
0011c7e0 0000015c T strchr
0011c93c 0000011c T strncmp
0011ca58 000000a4 t __sprint_r.part.0
0011cafc 0000001c T __sprint_r
0011cb18 00000190 T _wcsnrtombs_r
0011cca8 00000124 T __fputwc
0011cdcc 000000a8 T _fputwc_r
0011ce74 00000124 T __swbuf_r
0011cf98 0000000c T __errno
0011cfa4 0000005c T strnlen
0011d000 00000044 T strrchr
0011d044 T _fini
0011e000 R ballsprites_png
00121a0c R ballsprites_png_end
00121a0c R ballsprites_png_size
00121a10 R vshader_shbin
00121b34 R vshader_shbin_end
00121b34 R vshader_shbin_size
00121b38 R game_bgr
00168038 R game_bgr_end
00168038 R game_bgr_size
0016803c R over_bgr
001ae53c R over_bgr_end
001ae53c R over_bgr_size
001ae540 R won_bgr
001f4a40 R won_bgr_end
001f4a40 R won_bgr_size
001f4a44 0000001c r ADAM7_DX
001f4a60 0000001c r ADAM7_IX
001f4a7c 0000001c r ADAM7_DY
001f4a98 0000001c r ADAM7_IY
001f4ab4 00000078 r DISTANCEEXTRA
001f4b2c 00000074 r LENGTHEXTRA
001f4ba0 00000074 r LENGTHBASE
001f4c14 00000078 r DISTANCEBASE
001f4c8c 0000004c r CLCL_ORDER
001f4cd8 0000001c r CSWTCH.136
001f4cf4 00000400 r lodepng_crc32_table
001f50f4 00000178 r CSWTCH.333
001f526c 00000010 R lodepng_default_decompress_settings
001f527c 00000024 R lodepng_default_compress_settings
001f52a0 00000003 r parm.9699
001f52a4 00000004 r CSWTCH.7
001f52a8 00000005 r colorFmtSizes
001f52b0 00000004 r depthFmtSizes
001f52b4 00000014 r CSWTCH.2
001f52c8 00000014 r CSWTCH.21
001f52dc 00000008 r framebufferInfoSt
001f52e4 00000024 r CSWTCH.14
001f5308 0000000c r __apt_servicenames
001f5314 00000030 r error_table
001f5344 00000068 R dotab_stdnull
001f53ac 00000003 R DIRECTORY_PARENT
001f53b0 00000002 R DIRECTORY_THIS
001f53b4 00000002 R DIRECTORY_SEPARATOR
001f5dc4 r .LC2
001f63dc 00000010 r zeroes.7138
001f642c 00000010 r blanks.7137
001f6578 000000c8 R __mprec_tens
001f6640 0000000c r p05.5412
001f6650 00000028 R __mprec_bigtens
001f6678 0000006c R __state_table
001f66e4 00000100 R __chclass
001f67e4 0000006c R __action_table
001f6850 00000101 R _ctype_
001f695c r __EH_FRAME_BEGIN__
001f695c R __exidx_end
001f695c R __exidx_start
001f7000 00000100 D images
001f7100 00000001 d topFormat
001f7101 00000001 d botFormat
001f7104 00000008 d doubleBuf
001f710c W __stacksize__
001f7110 00000401 d __cwd
001f7518 00000018 d sdmcArchive
001f7530 00000068 d sdmc_devoptab
001f7598 00000004 d defaultDevice
001f759c 00000040 D devoptab_list
001f75dc 00001000 d _current_working_directory
001f85dc 0000000c d __stdin_handle
001f85e8 0000000c d __stdout_handle
001f85f4 0000000c d __stderr_handle
001f8600 00000004 d __hndl_lock
001f8604 00001000 d handles
001f9604 0000000c d __sfp_lock
001f9610 0000000c d __sinit_lock
001f9620 00000440 d impure_data
001f9a60 00000004 D _impure_ptr
001f9a64 00000408 D __malloc_av_
001f9e6c 00000004 D __malloc_trim_threshold
001f9e70 00000004 D __malloc_sbrk_base
001f9e74 0000000c d __malloc_lock_object
001f9e80 00000004 D __wctomb
001f9e84 00000038 d lconv
001f9ebc 00000020 d lc_ctype_charset
001f9edc 00000004 D __mb_cur_max
001f9ee0 00000004 D __mbtowc
001f9ee4 00000004 D __ctype_ptr__
001f9ee8 t __frame_dummy_init_array_entry
001f9ee8 T __init_array_start
001f9ee8 d __JCR_LIST__
001f9ee8 B __preinit_array_end
001f9ee8 B __preinit_array_start
001f9ee8 D __tdata_lma
001f9ee8 D __tdata_lma_end
001f9ee8 D __TMC_END__
001f9ee8 d __TMC_LIST__
001f9eec t __do_global_dtors_aux_fini_array_entry
001f9eec T __fini_array_start
001f9eec T __init_array_end
001f9ef0 T __bss_start__
001f9ef0 T __fini_array_end
001f9ef0 b completed.6505
001f9ef4 b object.6510
001f9f0c 00000004 b vshader_dvlb
001f9f10 00000014 b program
001f9f24 00000004 b uLoc_projection
001f9f28 00000040 b projection
001f9f68 00000010 b spritesheet_tex
001f9f78 00000008 b m_arrColors
001f9f80 00000004 b iCounter.11583
001f9f84 0000000c b hookCookie
001f9f90 00000004 b transferQueue
001f9f94 0000000c b linkedTarget
001f9fa0 00000004 b clearQueue
001f9fa4 0000004c b temp.10330
001f9ff0 00000001 b queueSwap
001f9ff4 00000020 b queuedFrame
001fa014 00000001 b queuedState
001fa015 00000001 b queuedCount
001fa016 00000001 b inFrame
001fa018 00000004 b lastTarget
001fa01c 00000004 b firstTarget
001fa020 00000018 b C3Di_ShaderFVecData
001fa038 000000c0 b C3Di_FVUnifEverDirty
001fa0f8 00000008 b C3Di_IVUnifEverDirty
001fa100 00000008 b sLinearPool
001fa108 0000000c b sAddrMap
001fa114 00000008 b sVramPool
001fa11c 0000000c b sAddrMap
001fa128 00000001 b enable3d
001fa12c 00000004 b screenFree
001fa130 00000002 b currentBuffer
001fa134 00000001 V __ctru_speedup
001fa138 00000004 b __apt_servicestr
001fa13c 0000000c b aptFirstHook
001fa148 00000001 B aptStatus
001fa14c 00000004 b aptRefCount
001fa150 00000002 b __apt_launchapplet_appID
001fa154 00000020 b __ns_capinfo
001fa174 00000001 B aptStatusBeforeSleep
001fa178 00000004 b __apt_launchapplet_parambuf
001fa17c 00000004 b __apt_launchapplet_parambufsize
001fa180 00000004 b __apt_new3dsflag_initialized
001fa184 00000001 b __apt_new3dsflag
001fa188 00000004 b __apt_launchapplet_inhandle
001fa18c 00000004 b gspEvent
001fa190 00000004 b gspEventData
001fa194 00000004 b gspRefCount
001fa198 00000004 b hidRefCount
001fa19c 00000004 b kOld
001fa1a0 00000004 b kHeld
001fa1a4 00000004 b cPos
001fa1a8 00000004 b tPos
001fa1ac 00000006 b aVec
001fa1b4 00000006 b gRate
001fa1bc 00000004 b kDown
001fa1c0 00000004 b kUp
001fa1c4 00000004 b irrstRefCount
001fa1c8 00000004 b kHeld
001fa1cc 00000004 b csPos
001fa1d0 00000004 b ptmSysmRefCount
001fa1d4 00000004 b ptmSysmHandle
001fa1d8 b saved_stack
001fa1e0 00000008 b sMappablePool
001fa1e8 0000000c b sAddrMap
001fa1f4 00000004 b srvRefCount
001fa1f8 00000004 b srvHandle
001fa1fc 00000004 b arbiter
001fa200 00000001 b sdmcInitialised
001fa204 00000004 b fsuRefCount
001fa208 00000004 b fsuHandle
001fa20c 00000004 b heap_start.5704
001fa210 00000004 B fake_heap_start
001fa214 00000004 B fake_heap_end
001fa218 00001000 b temp_cwd
001fb218 00000038 B __syscalls
001fb250 00000004 B __malloc_max_total_mem
001fb254 00000004 B __malloc_max_sbrked_mem
001fb258 00000004 B __malloc_top_pad
001fb25c 00000028 B __malloc_current_mallinfo
001fb284 00000578 B sprites
001fb7fc 00000004 B m_nRemaining
001fb800 00000004 B m_nRows
001fb804 00000004 B m_nColumns
001fb808 00000004 B m_nColors
001fb80c 00000004 B m_arrBoard
001fb810 00000268 B __C3D_Context
001fba78 00000020 B C3D_IVUnif
001fba98 000000c0 B C3D_FVUnifDirty
001fbb58 00000002 B C3D_BoolUnifsDirty
001fbb5c 00000008 B C3D_IVUnifDirty
001fbb64 00000004 B C3D_BoolUnifs
001fbb68 00000c00 B C3D_FVUnif
001fc768 00000008 B gfxBottomFramebuffers
001fc770 00000004 B gspSharedMemHandle
001fc774 0000001c B bottomFramebufferInfo
001fc790 00000004 B gspEvent
001fc794 00000008 B gfxTopLeftFramebuffers
001fc79c 00000008 B gfxTopRightFramebuffers
001fc7a4 0000001c B topFramebufferInfo
001fc7c0 00000001 B gfxThreadID
001fc7c4 00000004 B gfxSharedMemory
001fc7c8 00000004 B gpuCmdBuf
001fc7cc 00000004 B gpuCmdBufOffset
001fc7d0 00000004 B gpuCmdBufSize
001fc7d4 00000004 B gxCmdBuf
001fc7d8 00000004 B aptEventHandlerThread
001fc7dc 00000004 B aptSleepSync
001fc7e0 00001000 B aptParameters
001fd7e0 00000004 B aptuHandle
001fd7e4 0000000c B aptEvents
001fd7f0 00000004 B aptStatusEvent
001fd7f4 00000004 B aptStatusPower
001fd7f8 00000004 B aptStatusMutex
001fd7fc 00000004 B aptLockHandle
001fd800 00000002 B currentAppId
001fd804 00000007 B gspEventCbOneShot
001fd80c 0000001c B gspEventCb
001fd828 00000004 B gspGpuHandle
001fd82c 00000004 B gspEventThread
001fd830 0000001c B gspEventCounts
001fd84c 0000001c B gspEvents
001fd868 00000001 B gspRunEvents
001fd86c 0000001c B gspEventCbData
001fd888 00000004 B hidMemHandle
001fd88c 00000004 B hidHandle
001fd890 00000004 B hidSharedMem
001fd894 00000014 B hidEvents
001fd8a8 00000004 B irrstHandle
001fd8ac 00000004 B irrstEvent
001fd8b0 00000004 B irrstMemHandle
001fd8b4 00000004 B irrstSharedMem
001fd8b8 00000004 B __ctru_heap_size
001fd8bc 00000004 B __ctru_linear_heap
001fd8c0 00000004 B __ctru_heap
001fd8c4 00000004 B __ctru_linear_heap_size
001fd8c8 00000004 B __system_argv
001fd8cc 00000004 B __system_argc
001fd8d0 00000004 B __system_retAddr
001fd8d4 B __tls_start
00200ce0 B __bss_end__
00200ce0 A __end__
00200ce0 B __tls_end
